Using pre-set license
Built from '2021.3/staging' branch; Version is '2021.3.8f1 (b30333d56e81) revision 11731763'; Using compiler version '192829333'; Build Type 'Release'
OS: 'Windows 10  (10.0.19045) 64bit Core' Language: 'en' Physical Memory: 16281 MB
BatchMode: 1, IsHumanControllingUs: 0, StartBugReporterOnCrash: 0, Is64bit: 1, IsPro: 1

COMMAND LINE ARGUMENTS:
C:\Program Files\Unity 2021.3.8f1\Editor\Unity.exe
-adb2
-batchMode
-noUpm
-name
AssetImportWorker0
-projectPath
E:/Game Development/Artificial Intelligence/Assessments/Assessment2_Pathfinding_dylanwm/Pathfinding Assessment
-logFile
Logs/AssetImportWorker0.log
-srvPort
49896
Successfully changed project path to: E:/Game Development/Artificial Intelligence/Assessments/Assessment2_Pathfinding_dylanwm/Pathfinding Assessment
E:/Game Development/Artificial Intelligence/Assessments/Assessment2_Pathfinding_dylanwm/Pathfinding Assessment
[UnityMemory] Configuration Parameters - Can be set up in boot.config
    "memorysetup-bucket-allocator-granularity=16"
    "memorysetup-bucket-allocator-bucket-count=8"
    "memorysetup-bucket-allocator-block-size=33554432"
    "memorysetup-bucket-allocator-block-count=8"
    "memorysetup-main-allocator-block-size=16777216"
    "memorysetup-thread-allocator-block-size=16777216"
    "memorysetup-gfx-main-allocator-block-size=16777216"
    "memorysetup-gfx-thread-allocator-block-size=16777216"
    "memorysetup-cache-allocator-block-size=4194304"
    "memorysetup-typetree-allocator-block-size=2097152"
    "memorysetup-profiler-bucket-allocator-granularity=16"
    "memorysetup-profiler-bucket-allocator-bucket-count=8"
    "memorysetup-profiler-bucket-allocator-block-size=33554432"
    "memorysetup-profiler-bucket-allocator-block-count=8"
    "memorysetup-profiler-allocator-block-size=16777216"
    "memorysetup-profiler-editor-allocator-block-size=1048576"
    "memorysetup-temp-allocator-size-main=16777216"
    "memorysetup-job-temp-allocator-block-size=2097152"
    "memorysetup-job-temp-allocator-block-size-background=1048576"
    "memorysetup-job-temp-allocator-reduction-small-platforms=262144"
    "memorysetup-temp-allocator-size-background-worker=32768"
    "memorysetup-temp-allocator-size-job-worker=262144"
    "memorysetup-temp-allocator-size-preload-manager=33554432"
    "memorysetup-temp-allocator-size-nav-mesh-worker=65536"
    "memorysetup-temp-allocator-size-audio-worker=65536"
    "memorysetup-temp-allocator-size-cloud-worker=32768"
    "memorysetup-temp-allocator-size-gi-baking-worker=262144"
    "memorysetup-temp-allocator-size-gfx=262144"
Refreshing native plugins compatible for Editor in 69.43 ms, found 3 plugins.
Preloading 0 native plugins for Editor in 0.00 ms.
Initialize engine version: 2021.3.8f1 (b30333d56e81)
[Subsystems] Discovering subsystems at path C:/Program Files/Unity 2021.3.8f1/Editor/Data/Resources/UnitySubsystems
[Subsystems] Discovering subsystems at path E:/Game Development/Artificial Intelligence/Assessments/Assessment2_Pathfinding_dylanwm/Pathfinding Assessment/Assets
GfxDevice: creating device client; threaded=0; jobified=0
Direct3D:
    Version:  Direct3D 11.0 [level 11.1]
    Renderer: NVIDIA GeForce RTX 3060 Ti (ID=0x2489)
    Vendor:   NVIDIA
    VRAM:     8050 MB
    Driver:   31.0.15.1694
Initialize mono
Mono path[0] = 'C:/Program Files/Unity 2021.3.8f1/Editor/Data/Managed'
Mono path[1] = 'C:/Program Files/Unity 2021.3.8f1/Editor/Data/MonoBleedingEdge/lib/mono/unityjit-win32'
Mono config path = 'C:/Program Files/Unity 2021.3.8f1/Editor/Data/MonoBleedingEdge/etc'
Using monoOptions --debugger-agent=transport=dt_socket,embedding=1,server=y,suspend=n,address=127.0.0.1:56244
Begin MonoManager ReloadAssembly
Registering precompiled unity dll's ...
Register platform support module: C:/Program Files/Unity 2021.3.8f1/Editor/Data/PlaybackEngines/WindowsStandaloneSupport/UnityEditor.WindowsStandalone.Extensions.dll
Registered in 0.004368 seconds.
Native extension for WindowsStandalone target not found
Refreshing native plugins compatible for Editor in 73.44 ms, found 3 plugins.
Preloading 0 native plugins for Editor in 0.00 ms.
Mono: successfully reloaded assembly
- Completed reload, in  0.563 seconds
Domain Reload Profiling:
	ReloadAssembly (564ms)
		BeginReloadAssembly (60ms)
			ExecutionOrderSort (0ms)
			DisableScriptedObjects (0ms)
			BackupInstance (0ms)
			ReleaseScriptingObjects (0ms)
			CreateAndSetChildDomain (1ms)
		EndReloadAssembly (411ms)
			LoadAssemblies (58ms)
			RebuildTransferFunctionScriptingTraits (0ms)
			SetupTypeCache (94ms)
			ReleaseScriptCaches (0ms)
			RebuildScriptCaches (24ms)
			SetupLoadedEditorAssemblies (247ms)
				LogAssemblyErrors (0ms)
				InitializePlatformSupportModulesInManaged (6ms)
				SetLoadedEditorAssemblies (0ms)
				RefreshPlugins (74ms)
				BeforeProcessingInitializeOnLoad (1ms)
				ProcessInitializeOnLoadAttributes (125ms)
				ProcessInitializeOnLoadMethodAttributes (40ms)
				AfterProcessingInitializeOnLoad (0ms)
				EditorAssembliesLoaded (0ms)
			ExecutionOrderSort2 (0ms)
			AwakeInstancesAfterBackupRestoration (0ms)
Platform modules already initialized, skipping
Registering precompiled user dll's ...
Registered in 0.004298 seconds.
Begin MonoManager ReloadAssembly
Symbol file LoadedFromMemory doesn't match image E:\Game Development\Artificial Intelligence\Assessments\Assessment2_Pathfinding_dylanwm\Pathfinding Assessment\Library\PackageCache\com.unity.visualscripting@1.7.8\Editor\VisualScripting.Core\Dependencies\YamlDotNet\Unity.VisualScripting.YamlDotNet.dll
Symbol file LoadedFromMemory doesn't match image E:\Game Development\Artificial Intelligence\Assessments\Assessment2_Pathfinding_dylanwm\Pathfinding Assessment\Library\PackageCache\com.unity.visualscripting@1.7.8\Editor\VisualScripting.Core\Dependencies\DotNetZip\Unity.VisualScripting.IonicZip.dll
Native extension for WindowsStandalone target not found
Refreshing native plugins compatible for Editor in 0.52 ms, found 3 plugins.
Preloading 0 native plugins for Editor in 0.00 ms.
Mono: successfully reloaded assembly
- Completed reload, in  0.891 seconds
Domain Reload Profiling:
	ReloadAssembly (892ms)
		BeginReloadAssembly (94ms)
			ExecutionOrderSort (0ms)
			DisableScriptedObjects (5ms)
			BackupInstance (0ms)
			ReleaseScriptingObjects (0ms)
			CreateAndSetChildDomain (16ms)
		EndReloadAssembly (699ms)
			LoadAssemblies (65ms)
			RebuildTransferFunctionScriptingTraits (0ms)
			SetupTypeCache (226ms)
			ReleaseScriptCaches (1ms)
			RebuildScriptCaches (44ms)
			SetupLoadedEditorAssemblies (326ms)
				LogAssemblyErrors (0ms)
				InitializePlatformSupportModulesInManaged (5ms)
				SetLoadedEditorAssemblies (0ms)
				RefreshPlugins (1ms)
				BeforeProcessingInitializeOnLoad (82ms)
				ProcessInitializeOnLoadAttributes (207ms)
				ProcessInitializeOnLoadMethodAttributes (25ms)
				AfterProcessingInitializeOnLoad (7ms)
				EditorAssembliesLoaded (0ms)
			ExecutionOrderSort2 (0ms)
			AwakeInstancesAfterBackupRestoration (4ms)
Platform modules already initialized, skipping
========================================================================
Worker process is ready to serve import requests
Launched and connected shader compiler UnityShaderCompiler.exe after 0.03 seconds
Refreshing native plugins compatible for Editor in 0.59 ms, found 3 plugins.
Preloading 0 native plugins for Editor in 0.00 ms.
Unloading 3377 Unused Serialized files (Serialized files now loaded: 0)
Unloading 27 unused Assets / (111.0 KB). Loaded Objects now: 3834.
Memory consumption went from 117.4 MB to 117.3 MB.
Total: 3.019900 ms (FindLiveObjects: 0.333100 ms CreateObjectMapping: 0.291000 ms MarkObjects: 2.276200 ms  DeleteObjects: 0.118500 ms)

AssetImportParameters requested are different than current active one (requested -> active):
  custom:video-decoder-ogg-theora: a1e56fd34408186e4bbccfd4996cb3dc -> 
  custom:container-muxer-webm: aa71ff27fc2769a1b78a27578f13a17b -> 
  custom:container-demuxer-webm: 4f35f7cbe854078d1ac9338744f61a02 -> 
  custom:video-encoder-webm-vp8: eb34c28f22e8b96e1ab97ce403110664 -> 
  custom:audio-encoder-webm-vorbis: bf7c407c2cedff20999df2af8eb42d56 -> 
  custom:framework-win-MediaFoundation: 216162199b28c13a410421893ffa2e32 -> 
  custom:container-demuxer-ogg: 62fdf1f143b41e24485cea50d1cbac27 -> 
  custom:video-decoder-webm-vp8: 9c59270c3fd7afecdb556c50c9e8de78 -> 
  custom:audio-decoder-ogg-vorbis: bf7c407c2cedff20999df2af8eb42d56 -> 
========================================================================
Received Import Request.
  Time since last request: 861.627069 seconds.
  path: Assets/Scenes/Gameplay.unity
  artifactKey: Guid(c91e0a143e00a4f41bd8badd3ec77a0f) Importer(815301076,1909f56bfc062723c751e8b465ee728b)
Start importing Assets/Scenes/Gameplay.unity using Guid(c91e0a143e00a4f41bd8badd3ec77a0f) Importer(815301076,1909f56bfc062723c751e8b465ee728b)  -> (artifact id: 'd4949c9b053702503076783f6387edc9') in 0.013799 seconds 
========================================================================
Received Import Request.
  Time since last request: 5.240771 seconds.
  path: Assets/Scenes/SampleScene.unity
  artifactKey: Guid(9fc0d4010bbf28b4594072e72b8655ab) Importer(815301076,1909f56bfc062723c751e8b465ee728b)
Start importing Assets/Scenes/SampleScene.unity using Guid(9fc0d4010bbf28b4594072e72b8655ab) Importer(815301076,1909f56bfc062723c751e8b465ee728b)  -> (artifact id: '3fa52d643189327d51af5ee9af90593c') in 0.008845 seconds 
========================================================================
Received Import Request.
  Time since last request: 421.836516 seconds.
  path: Assets
  artifactKey: Guid(00000000000000001000000000000000) Importer(815301076,1909f56bfc062723c751e8b465ee728b)
Start importing Assets using Guid(00000000000000001000000000000000) Importer(815301076,1909f56bfc062723c751e8b465ee728b)  -> (artifact id: '79842766b460edbeab6a34051e857a80') in 0.009667 seconds 
========================================================================
Received Import Request.
  Time since last request: 4.664991 seconds.
  path: Assets/Materials
  artifactKey: Guid(682d79fe1c7a05443b152ffb0c34e2c3) Importer(815301076,1909f56bfc062723c751e8b465ee728b)
Start importing Assets/Materials using Guid(682d79fe1c7a05443b152ffb0c34e2c3) Importer(815301076,1909f56bfc062723c751e8b465ee728b)  -> (artifact id: '409d80412a13cf4f182d902f1d75ccc8') in 0.008662 seconds 
========================================================================
Received Import Request.
  Time since last request: 6.180156 seconds.
  path: Assets/Scripts
  artifactKey: Guid(718a3a132b40f904aac91032e6686d50) Importer(815301076,1909f56bfc062723c751e8b465ee728b)
Start importing Assets/Scripts using Guid(718a3a132b40f904aac91032e6686d50) Importer(815301076,1909f56bfc062723c751e8b465ee728b)  -> (artifact id: '90de80fefc6b7d7db70248786dc8d34f') in 0.008491 seconds 
========================================================================
Received Import Request.
  Time since last request: 11.859880 seconds.
  path: Assets/Materials/Ground.mat
  artifactKey: Guid(20fb054ac24c961449d24ab26751cd03) Importer(815301076,1909f56bfc062723c751e8b465ee728b)
Start importing Assets/Materials/Ground.mat using Guid(20fb054ac24c961449d24ab26751cd03) Importer(815301076,1909f56bfc062723c751e8b465ee728b)  -> (artifact id: '0c0b83305fcd1a2c551db839f7e9530e') in 0.194715 seconds 
========================================================================
Received Import Request.
  Time since last request: 18.551930 seconds.
  path: Assets/Materials/Walls.mat
  artifactKey: Guid(347695bdbaf96e840b69b30b44cf5d7d) Importer(815301076,1909f56bfc062723c751e8b465ee728b)
Start importing Assets/Materials/Walls.mat using Guid(347695bdbaf96e840b69b30b44cf5d7d) Importer(815301076,1909f56bfc062723c751e8b465ee728b)  -> (artifact id: 'a868e0cb551d1924bab69cb47318caa2') in 0.024233 seconds 
========================================================================
Received Import Request.
  Time since last request: 241.139788 seconds.
  path: Assets/Materials/WinZone.mat
  artifactKey: Guid(6d6e2158ff3344d47935215448de2fe7) Importer(815301076,1909f56bfc062723c751e8b465ee728b)
Start importing Assets/Materials/WinZone.mat using Guid(6d6e2158ff3344d47935215448de2fe7) Importer(815301076,1909f56bfc062723c751e8b465ee728b)  -> (artifact id: '62120a003e7076a124623b575cc3009b') in 0.037313 seconds 
========================================================================
Received Import Request.
  Time since last request: 240.224512 seconds.
  path: Assets/Materials/Bridges.mat
  artifactKey: Guid(7a2e4e304986353418d9e9872c8eeeb4) Importer(815301076,1909f56bfc062723c751e8b465ee728b)
Start importing Assets/Materials/Bridges.mat using Guid(7a2e4e304986353418d9e9872c8eeeb4) Importer(815301076,1909f56bfc062723c751e8b465ee728b)  -> (artifact id: 'f399acef2e4e8e4871513bc6d15d80e2') in 0.024884 seconds 
========================================================================
Received Import Request.
  Time since last request: 1011.503175 seconds.
  path: Assets/Materials/New Material.mat
  artifactKey: Guid(917eb2da723b3d7419087220aa3b143d) Importer(815301076,1909f56bfc062723c751e8b465ee728b)
Start importing Assets/Materials/New Material.mat using Guid(917eb2da723b3d7419087220aa3b143d) Importer(815301076,1909f56bfc062723c751e8b465ee728b)  -> (artifact id: '48a3fa7de3446ad8e82f50dc31752779') in 0.030900 seconds 
========================================================================
Received Import Request.
  Time since last request: 184.413936 seconds.
  path: Assets/Materials/Bridges.mat
  artifactKey: Guid(7a2e4e304986353418d9e9872c8eeeb4) Importer(815301076,1909f56bfc062723c751e8b465ee728b)
Start importing Assets/Materials/Bridges.mat using Guid(7a2e4e304986353418d9e9872c8eeeb4) Importer(815301076,1909f56bfc062723c751e8b465ee728b)  -> (artifact id: 'd3c949b288285dc6c631be8983f87e74') in 0.026531 seconds 
========================================================================
Received Import Request.
  Time since last request: 0.000020 seconds.
  path: Assets/Materials/New Material.mat
  artifactKey: Guid(917eb2da723b3d7419087220aa3b143d) Importer(815301076,1909f56bfc062723c751e8b465ee728b)
Start importing Assets/Materials/New Material.mat using Guid(917eb2da723b3d7419087220aa3b143d) Importer(815301076,1909f56bfc062723c751e8b465ee728b)  -> (artifact id: 'c38252015a87d7531fdc69b2c61196e0') in 0.025940 seconds 
========================================================================
Received Import Request.
  Time since last request: 0.000016 seconds.
  path: Assets/Materials/WinZone.mat
  artifactKey: Guid(6d6e2158ff3344d47935215448de2fe7) Importer(815301076,1909f56bfc062723c751e8b465ee728b)
Start importing Assets/Materials/WinZone.mat using Guid(6d6e2158ff3344d47935215448de2fe7) Importer(815301076,1909f56bfc062723c751e8b465ee728b)  -> (artifact id: '800b83bd9ca358e4793d704f46bc40ea') in 0.024784 seconds 
========================================================================
Received Import Request.
  Time since last request: 0.000017 seconds.
  path: Assets/Materials/Walls.mat
  artifactKey: Guid(347695bdbaf96e840b69b30b44cf5d7d) Importer(815301076,1909f56bfc062723c751e8b465ee728b)
Start importing Assets/Materials/Walls.mat using Guid(347695bdbaf96e840b69b30b44cf5d7d) Importer(815301076,1909f56bfc062723c751e8b465ee728b)  -> (artifact id: '95c4a4d0e78bc307590b5cbe32cb594f') in 0.026132 seconds 
Editor requested this worker to shutdown with reason: Scaling down because of idle timeout
AssetImportWorker is now disconnected from the server
Process exiting
Exiting without the bug reporter. Application will terminate with return code 0